<?xml version="1.0" encoding="UTF-8"?>
<!-- Generated by org.testng.reporters.JUnitReportReporter -->
<testsuite skipped="0" hostname="DESKTOP-S4HJIK7" name="pojo.EmployeeDetailsWithSpouse" tests="1" failures="0" timestamp="16 Feb 2022 07:44:21 GMT" time="0.162" errors="0">
  <testcase name="serialization" time="0.162" classname="pojo.EmployeeDetailsWithSpouse"/>
</testsuite> <!-- pojo.EmployeeDetailsWithSpouse -->
