<?xml version="1.0" encoding="UTF-8"?>
<!-- Generated by org.testng.reporters.JUnitReportReporter -->
<testsuite skipped="0" hostname="DESKTOP-S4HJIK7" name="pojo.EmployeesLibraryTest" tests="1" failures="0" timestamp="16 Feb 2022 09:17:15 GMT" time="0.194" errors="0">
  <testcase name="serialization" time="0.194" classname="pojo.EmployeesLibraryTest"/>
</testsuite> <!-- pojo.EmployeesLibraryTest -->
