<?xml version="1.0" encoding="UTF-8"?>
<!-- Generated by org.testng.reporters.JUnitReportReporter -->
<testsuite skipped="0" hostname="DESKTOP-S4HJIK7" name="pojo.ObjectArrayImplimentation" tests="1" failures="0" timestamp="16 Feb 2022 19:00:33 GMT" time="0.247" errors="0">
  <testcase name="details" time="0.247" classname="pojo.ObjectArrayImplimentation"/>
</testsuite> <!-- pojo.ObjectArrayImplimentation -->
