<?xml version="1.0" encoding="UTF-8"?>
<!-- Generated by org.testng.reporters.JUnitReportReporter -->
<testsuite skipped="0" hostname="DESKTOP-S4HJIK7" name="pojo.Deserialization" tests="1" failures="0" timestamp="24 Mar 2022 09:55:51 GMT" time="0.185" errors="0">
  <testcase name="deserialization" time="0.185" classname="pojo.Deserialization"/>
</testsuite> <!-- pojo.Deserialization -->
