<?xml version="1.0" encoding="UTF-8"?>
<!-- Generated by org.testng.reporters.JUnitReportReporter -->
<testsuite skipped="0" hostname="DESKTOP-S4HJIK7" name="pojo.Deserialization" tests="1" failures="0" timestamp="16 Feb 2022 19:00:18 GMT" time="0.205" errors="0">
  <testcase name="deserialization" time="0.205" classname="pojo.Deserialization"/>
</testsuite> <!-- pojo.Deserialization -->
